<?xml version="1.0" encoding="UTF-8"?>
<testng-results skipped="0" failed="0" ignored="0" total="1" passed="1">
  <reporter-output>
  </reporter-output>
  <suite name="Default suite" duration-ms="480" started-at="2020-04-14T12:22:15Z" finished-at="2020-04-14T12:22:15Z">
    <groups>
      <group name="cucumber">
        <method signature="AbstractTestNGCucumberTests.feature(cucumber.api.testng.CucumberFeatureWrapper)[pri:0, instance:runner.TestRunner@1b1473ab]" name="feature" class="cucumber.api.testng.AbstractTestNGCucumberTests"/>
      </group> <!-- cucumber -->
    </groups>
    <test name="Default test" duration-ms="480" started-at="2020-04-14T12:22:15Z" finished-at="2020-04-14T12:22:15Z">
      <class name="runner.TestRunner">
        <test-method status="PASS" signature="setUpClass()[pri:0, instance:runner.TestRunner@1b1473ab]" name="setUpClass" is-config="true" duration-ms="223" started-at="2020-04-14T12:22:15Z" finished-at="2020-04-14T12:22:15Z">
          <reporter-output>
          </reporter-output>
        </test-method> <!-- setUpClass -->
        <test-method status="PASS" signature="feature(cucumber.api.testng.CucumberFeatureWrapper)[pri:0, instance:runner.TestRunner@1b1473ab]" name="feature" duration-ms="80" started-at="2020-04-14T12:22:15Z" description="Runs Cucumber Feature" data-provider="features" finished-at="2020-04-14T12:22:15Z">
          <params>
            <param index="0">
              <value>
                <![CDATA[Free CRM Login Feature]]>
              </value>
            </param>
          </params>
          <reporter-output>
          </reporter-output>
        </test-method> <!-- feature -->
        <test-method status="PASS" signature="tearDownClass()[pri:0, instance:runner.TestRunner@1b1473ab]" name="tearDownClass" is-config="true" duration-ms="33" started-at="2020-04-14T12:22:15Z" finished-at="2020-04-14T12:22:15Z">
          <reporter-output>
          </reporter-output>
        </test-method> <!-- tearDownClass -->
      </class> <!-- runner.TestRunner -->
    </test> <!-- Default test -->
  </suite> <!-- Default suite -->
</testng-results>
